<?xml version="1.0" encoding="UTF-8"?>
<testsuite xmlns:xsi="http://www.w3.org/2001/XMLSchema-instance" xsi:noNamespaceSchemaLocation="https://maven.apache.org/surefire/maven-surefire-plugin/xsd/surefire-test-report.xsd" name="com.example.AppTest" time="0.014" tests="1" errors="0" skipped="0" failures="0">
  <properties>
    <property name="java.specification.version" value="19"/>
    <property name="sun.jnu.encoding" value="UTF-8"/>
    <property name="java.class.path" value="/Users/devonschroeder_1/Desktop/memory-game/target/test-classes:/Users/devonschroeder_1/Desktop/memory-game/target/classes:/Users/devonschroeder_1/.m2/repository/org/apache/maven/scm/maven-scm-provider-gitexe/2.0.0-M3/maven-scm-provider-gitexe-2.0.0-M3.jar:/Users/devonschroeder_1/.m2/repository/javax/inject/javax.inject/1/javax.inject-1.jar:/Users/devonschroeder_1/.m2/repository/org/slf4j/slf4j-api/1.7.36/slf4j-api-1.7.36.jar:/Users/devonschroeder_1/.m2/repository/commons-io/commons-io/2.11.0/commons-io-2.11.0.jar:/Users/devonschroeder_1/.m2/repository/org/codehaus/plexus/plexus-utils/3.4.2/plexus-utils-3.4.2.jar:/Users/devonschroeder_1/.m2/repository/org/apache/maven/scm/maven-scm-provider-git-commons/2.0.0-M3/maven-scm-provider-git-commons-2.0.0-M3.jar:/Users/devonschroeder_1/.m2/repository/org/apache/maven/scm/maven-scm-api/2.0.0-M3/maven-scm-api-2.0.0-M3.jar:/Users/devonschroeder_1/.m2/repository/junit/junit/4.11/junit-4.11.jar:/Users/devonschroeder_1/.m2/repository/org/hamcrest/hamcrest-core/1.3/hamcrest-core-1.3.jar:"/>
    <property name="java.vm.vendor" value="Oracle Corporation"/>
    <property name="sun.arch.data.model" value="64"/>
    <property name="java.vendor.url" value="https://java.oracle.com/"/>
    <property name="os.name" value="Mac OS X"/>
    <property name="java.vm.specification.version" value="19"/>
    <property name="sun.java.launcher" value="SUN_STANDARD"/>
    <property name="user.country" value="US"/>
    <property name="sun.boot.library.path" value="/Library/Java/JavaVirtualMachines/jdk-19.jdk/Contents/Home/lib"/>
    <property name="sun.java.command" value="/Users/devonschroeder_1/Desktop/memory-game/target/surefire/surefirebooter14115076636871285237.jar /Users/devonschroeder_1/Desktop/memory-game/target/surefire 2022-12-09T23-03-19_819-jvmRun1 surefire258977060760339732tmp surefire_03956867765047064330tmp"/>
    <property name="http.nonProxyHosts" value="local|*.local|169.254/16|*.169.254/16"/>
    <property name="jdk.debug" value="release"/>
    <property name="surefire.test.class.path" value="/Users/devonschroeder_1/Desktop/memory-game/target/test-classes:/Users/devonschroeder_1/Desktop/memory-game/target/classes:/Users/devonschroeder_1/.m2/repository/org/apache/maven/scm/maven-scm-provider-gitexe/2.0.0-M3/maven-scm-provider-gitexe-2.0.0-M3.jar:/Users/devonschroeder_1/.m2/repository/javax/inject/javax.inject/1/javax.inject-1.jar:/Users/devonschroeder_1/.m2/repository/org/slf4j/slf4j-api/1.7.36/slf4j-api-1.7.36.jar:/Users/devonschroeder_1/.m2/repository/commons-io/commons-io/2.11.0/commons-io-2.11.0.jar:/Users/devonschroeder_1/.m2/repository/org/codehaus/plexus/plexus-utils/3.4.2/plexus-utils-3.4.2.jar:/Users/devonschroeder_1/.m2/repository/org/apache/maven/scm/maven-scm-provider-git-commons/2.0.0-M3/maven-scm-provider-git-commons-2.0.0-M3.jar:/Users/devonschroeder_1/.m2/repository/org/apache/maven/scm/maven-scm-api/2.0.0-M3/maven-scm-api-2.0.0-M3.jar:/Users/devonschroeder_1/.m2/repository/junit/junit/4.11/junit-4.11.jar:/Users/devonschroeder_1/.m2/repository/org/hamcrest/hamcrest-core/1.3/hamcrest-core-1.3.jar:"/>
    <property name="sun.cpu.endian" value="little"/>
    <property name="user.home" value="/Users/devonschroeder_1"/>
    <property name="user.language" value="en"/>
    <property name="java.specification.vendor" value="Oracle Corporation"/>
    <property name="java.version.date" value="2022-10-18"/>
    <property name="java.home" value="/Library/Java/JavaVirtualMachines/jdk-19.jdk/Contents/Home"/>
    <property name="file.separator" value="/"/>
    <property name="basedir" value="/Users/devonschroeder_1/Desktop/memory-game"/>
    <property name="java.vm.compressedOopsMode" value="Zero based"/>
    <property name="line.separator" value="&#10;"/>
    <property name="java.vm.specification.vendor" value="Oracle Corporation"/>
    <property name="java.specification.name" value="Java Platform API Specification"/>
    <property name="apple.awt.application.name" value="ForkedBooter"/>
    <property name="surefire.real.class.path" value="/Users/devonschroeder_1/Desktop/memory-game/target/surefire/surefirebooter14115076636871285237.jar"/>
    <property name="sun.management.compiler" value="HotSpot 64-Bit Tiered Compilers"/>
    <property name="ftp.nonProxyHosts" value="local|*.local|169.254/16|*.169.254/16"/>
    <property name="java.runtime.version" value="19.0.1+10-21"/>
    <property name="user.name" value="devonleeschroeder"/>
    <property name="stdout.encoding" value="UTF-8"/>
    <property name="path.separator" value=":"/>
    <property name="os.version" value="12.0.1"/>
    <property name="java.runtime.name" value="Java(TM) SE Runtime Environment"/>
    <property name="file.encoding" value="UTF-8"/>
    <property name="java.vm.name" value="Java HotSpot(TM) 64-Bit Server VM"/>
    <property name="localRepository" value="/Users/devonschroeder_1/.m2/repository"/>
    <property name="java.vendor.url.bug" value="https://bugreport.java.com/bugreport/"/>
    <property name="java.io.tmpdir" value="/var/folders/sz/rf7b31cn6q53y51vnxpc4_j40000gp/T/"/>
    <property name="java.version" value="19.0.1"/>
    <property name="user.dir" value="/Users/devonschroeder_1/Desktop/memory-game"/>
    <property name="os.arch" value="aarch64"/>
    <property name="java.vm.specification.name" value="Java Virtual Machine Specification"/>
    <property name="native.encoding" value="UTF-8"/>
    <property name="java.library.path" value="/Users/devonschroeder_1/Library/Java/Extensions:/Library/Java/Extensions:/Network/Library/Java/Extensions:/System/Library/Java/Extensions:/usr/lib/java:."/>
    <property name="java.vm.info" value="mixed mode, sharing"/>
    <property name="stderr.encoding" value="UTF-8"/>
    <property name="java.vendor" value="Oracle Corporation"/>
    <property name="java.vm.version" value="19.0.1+10-21"/>
    <property name="sun.io.unicode.encoding" value="UnicodeBig"/>
    <property name="socksNonProxyHosts" value="local|*.local|169.254/16|*.169.254/16"/>
    <property name="java.class.version" value="63.0"/>
  </properties>
  <testcase name="shouldAnswerWithTrue" classname="com.example.AppTest" time="0.002"/>
</testsuite>